<?xml version="1.0" encoding="UTF-8"?>
<!-- Generated by org.testng.reporters.JUnitReportReporter -->
<testsuite hostname="NagarjunReddy" failures="0" tests="3" name="runners.TestNGRunner" time="19.728" errors="0" timestamp="25 Feb 2024 15:08:30 GMT" skipped="0">
  <testcase classname="runners.TestNGRunner" name="runScenario" time="4.338"/>
  <testcase classname="runners.TestNGRunner" name="runScenario" time="10.674"/>
  <testcase classname="runners.TestNGRunner" name="runScenario" time="4.716"/>
</testsuite> <!-- runners.TestNGRunner -->
