<?xml version="1.0" encoding="UTF-8"?>
<!-- Generated by org.testng.reporters.JUnitReportReporter -->
<testsuite hostname="NagarjunReddy" failures="0" tests="3" name="runners.TestNGRunner" time="11.440" errors="0" timestamp="24 Feb 2024 15:05:26 GMT" skipped="0">
  <testcase classname="runners.TestNGRunner" name="runScenario" time="3.753"/>
  <testcase classname="runners.TestNGRunner" name="runScenario" time="4.339"/>
  <testcase classname="runners.TestNGRunner" name="runScenario" time="3.348"/>
</testsuite> <!-- runners.TestNGRunner -->
